<?xml version="1.0" encoding="UTF-8"?>
<testsuite xmlns:xsi="http://www.w3.org/2001/XMLSchema-instance" xsi:noNamespaceSchemaLocation="https://maven.apache.org/surefire/maven-surefire-plugin/xsd/surefire-test-report.xsd" name="US_01 BlueRentalCars Negative Login" time="18.603" tests="4" errors="0" skipped="0" failures="0">
  <properties>
[...]
</properties>
  <testcase name="TC_01 User logs in with invalid information #1" classname="US_01 BlueRentalCars Negative Login" time="6.114"/>
  <testcase name="TC_01 User logs in with invalid information #2" classname="US_01 BlueRentalCars Negative Login" time="4.101"/>
  <testcase name="TC_01 User logs in with invalid information #3" classname="US_01 BlueRentalCars Negative Login" time="4.286"/>
  <testcase name="TC_01 User logs in with invalid information #4" classname="US_01 BlueRentalCars Negative Login" time="4.099"/>
</testsuite>